d:\gtsam\isamapp\isamapp\x64\release\isamapp.pch
d:\gtsam\isamapp\isamapp\x64\release\vc141.pdb
d:\gtsam\isamapp\isamapp\x64\release\stdafx.obj
d:\gtsam\isamapp\isamapp\x64\release\childfrm.obj
d:\gtsam\isamapp\isamapp\x64\release\circle.obj
d:\gtsam\isamapp\isamapp\x64\release\frame.obj
d:\gtsam\isamapp\isamapp\x64\release\linebase.obj
d:\gtsam\isamapp\isamapp\x64\release\multisegline.obj
d:\gtsam\isamapp\isamapp\x64\release\posture.obj
d:\gtsam\isamapp\isamapp\x64\release\scp.obj
d:\gtsam\isamapp\isamapp\x64\release\spline.obj
d:\gtsam\isamapp\isamapp\x64\release\isamapp.obj
d:\gtsam\isamapp\isamapp\x64\release\ndt_map.obj
d:\gtsam\isamapp\isamapp\x64\release\affineposture.obj
d:\gtsam\isamapp\isamapp\x64\release\corrlist.obj
d:\gtsam\isamapp\isamapp\x64\release\rangescanner.obj
d:\gtsam\isamapp\isamapp\x64\release\scannerparam.obj
d:\gtsam\isamapp\isamapp\x64\release\mainfrm.obj
d:\gtsam\isamapp\isamapp\x64\release\linefeature.obj
d:\gtsam\isamapp\isamapp\x64\release\linefeatureset.obj
d:\gtsam\isamapp\isamapp\x64\release\matrix.obj
d:\gtsam\isamapp\isamapp\x64\release\misc.obj
d:\gtsam\isamapp\isamapp\x64\release\pclpointcloud.obj
d:\gtsam\isamapp\isamapp\x64\release\posegauss.obj
d:\gtsam\isamapp\isamapp\x64\release\romo.obj
d:\gtsam\isamapp\isamapp\x64\release\scan.obj
d:\gtsam\isamapp\isamapp\x64\release\scanpointcloud.obj
d:\gtsam\isamapp\isamapp\x64\release\movingobj.obj
d:\gtsam\isamapp\isamapp\x64\release\simuscanner.obj
d:\gtsam\isamapp\isamapp\x64\release\historyposes.obj
d:\gtsam\isamapp\isamapp\x64\release\ndt_fuser_node.obj
d:\gtsam\isamapp\isamapp\x64\release\calendarbar.obj
d:\gtsam\isamapp\isamapp\x64\release\arc.obj
d:\gtsam\isamapp\isamapp\x64\release\direct.obj
d:\gtsam\isamapp\isamapp\x64\release\line.obj
d:\gtsam\isamapp\isamapp\x64\release\newcurve.obj
d:\gtsam\isamapp\isamapp\x64\release\pnt.obj
d:\gtsam\isamapp\isamapp\x64\release\polyregion.obj
d:\gtsam\isamapp\isamapp\x64\release\rectangle.obj
d:\gtsam\isamapp\isamapp\x64\release\scrnref.obj
d:\gtsam\isamapp\isamapp\x64\release\spp.obj
d:\gtsam\isamapp\isamapp\x64\release\transfor.obj
d:\gtsam\isamapp\isamapp\x64\release\isamappview.obj
d:\gtsam\isamapp\isamapp\x64\release\selectmaptype.obj
d:\gtsam\isamapp\isamapp\x64\release\simuscanview.obj
d:\gtsam\isamapp\isamapp\x64\release\angle.obj
d:\gtsam\isamapp\isamapp\x64\release\ellipse.obj
d:\gtsam\isamapp\isamapp\x64\release\range.obj
d:\gtsam\isamapp\isamapp\x64\release\isamappdoc.obj
d:\gtsam\isamapp\isamapp\x64\release\ndt_cell.obj
d:\gtsam\isamapp\isamapp\x64\release\csmscan.obj
d:\gtsam\isamapp\isamapp\x64\release\gpc_utils.obj
d:\gtsam\isamapp\isamapp\x64\release\devicenamevariablecommand.obj
d:\gtsam\isamapp\isamapp\x64\release\fieldsetsvariablecommand.obj
d:\gtsam\isamapp\isamapp\x64\release\latesttelegramvariablecommand.obj
d:\gtsam\isamapp\isamapp\x64\release\monitoringcasevariablecommand.obj
d:\gtsam\isamapp\isamapp\x64\release\requireduseractionvariablecommand.obj
d:\gtsam\isamapp\isamapp\x64\release\statusoverviewvariablecommand.obj
d:\gtsam\isamapp\isamapp\x64\release\asynctcpclient.obj
d:\gtsam\isamapp\isamapp\x64\release\devicestatus.obj
d:\gtsam\isamapp\isamapp\x64\release\generalsystemstate.obj
d:\gtsam\isamapp\isamapp\x64\release\latesttelegram.obj
d:\gtsam\isamapp\isamapp\x64\release\parsedpacketbuffer.obj
d:\gtsam\isamapp\isamapp\x64\release\parseconfigmetadata.obj
d:\gtsam\isamapp\isamapp\x64\release\parsedataheader.obj
d:\gtsam\isamapp\isamapp\x64\release\parsefieldgeometrydata.obj
d:\gtsam\isamapp\isamapp\x64\release\parsegeneralsystemstate.obj
d:\gtsam\isamapp\isamapp\x64\release\parsemeasurementpersistentconfigdata.obj
d:\gtsam\isamapp\isamapp\x64\release\parserequireduseraction.obj
d:\gtsam\isamapp\isamapp\x64\release\parsetypecodedata.obj
d:\gtsam\isamapp\isamapp\x64\release\sicksafetyscannersbase.obj
d:\gtsam\isamapp\isamapp\x64\release\ndt_matcher_d2d_2d.obj
d:\gtsam\isamapp\isamapp\x64\release\math_utils_gsl.obj
d:\gtsam\isamapp\isamapp\x64\release\egsl_misc.obj
d:\gtsam\isamapp\isamapp\x64\release\applicationnamevariablecommand.obj
d:\gtsam\isamapp\isamapp\x64\release\configmetadatavariablecommand.obj
d:\gtsam\isamapp\isamapp\x64\release\fieldheadervariablecommand.obj
d:\gtsam\isamapp\isamapp\x64\release\measurementpersistentconfigvariablecommand.obj
d:\gtsam\isamapp\isamapp\x64\release\ordernumbervariablecommand.obj
d:\gtsam\isamapp\isamapp\x64\release\usernamevariablecommand.obj
d:\gtsam\isamapp\isamapp\x64\release\applicationdata.obj
d:\gtsam\isamapp\isamapp\x64\release\applicationinputs.obj
d:\gtsam\isamapp\isamapp\x64\release\applicationoutputs.obj
d:\gtsam\isamapp\isamapp\x64\release\commsettings.obj
d:\gtsam\isamapp\isamapp\x64\release\configmetadata.obj
d:\gtsam\isamapp\isamapp\x64\release\fielddata.obj
d:\gtsam\isamapp\isamapp\x64\release\intrusiondata.obj
d:\gtsam\isamapp\isamapp\x64\release\measurementdata.obj
d:\gtsam\isamapp\isamapp\x64\release\packetbuffer.obj
d:\gtsam\isamapp\isamapp\x64\release\parsedata.obj
d:\gtsam\isamapp\isamapp\x64\release\parsederivedvalues.obj
d:\gtsam\isamapp\isamapp\x64\release\parsefieldheaderdata.obj
d:\gtsam\isamapp\isamapp\x64\release\parseintrusiondata.obj
d:\gtsam\isamapp\isamapp\x64\release\parsemonitoringcasedata.obj
d:\gtsam\isamapp\isamapp\x64\release\parseserialnumber.obj
d:\gtsam\isamapp\isamapp\x64\release\parseusernamedata.obj
d:\gtsam\isamapp\isamapp\x64\release\rawscan.obj
d:\gtsam\isamapp\isamapp\x64\release\sicksafetylaserscanner.obj
d:\gtsam\isamapp\isamapp\x64\release\pointcloudmap.obj
d:\gtsam\isamapp\isamapp\x64\release\csmmatcher.obj
d:\gtsam\isamapp\isamapp\x64\release\egsl.obj
d:\gtsam\isamapp\isamapp\x64\release\egsl_ops.obj
d:\gtsam\isamapp\isamapp\x64\release\closesession.obj
d:\gtsam\isamapp\isamapp\x64\release\command.obj
d:\gtsam\isamapp\isamapp\x64\release\devicestatusvariablecommand.obj
d:\gtsam\isamapp\isamapp\x64\release\findmecommand.obj
d:\gtsam\isamapp\isamapp\x64\release\measurementcurrentconfigvariablecommand.obj
d:\gtsam\isamapp\isamapp\x64\release\monitoringcasetableheadervariablecommand.obj
d:\gtsam\isamapp\isamapp\x64\release\serialnumbervariablecommand.obj
d:\gtsam\isamapp\isamapp\x64\release\variablecommand.obj
d:\gtsam\isamapp\isamapp\x64\release\applicationname.obj
d:\gtsam\isamapp\isamapp\x64\release\configdata.obj
d:\gtsam\isamapp\isamapp\x64\release\data.obj
d:\gtsam\isamapp\isamapp\x64\release\fieldsets.obj
d:\gtsam\isamapp\isamapp\x64\release\intrusiondatum.obj
d:\gtsam\isamapp\isamapp\x64\release\ordernumber.obj
d:\gtsam\isamapp\isamapp\x64\release\requireduseraction.obj
d:\gtsam\isamapp\isamapp\x64\release\statusoverview.obj
d:\gtsam\isamapp\isamapp\x64\release\username.obj
d:\gtsam\isamapp\isamapp\x64\release\parseapplicationnamedata.obj
d:\gtsam\isamapp\isamapp\x64\release\parsedevicename.obj
d:\gtsam\isamapp\isamapp\x64\release\parsefieldsetsdata.obj
d:\gtsam\isamapp\isamapp\x64\release\parsemeasurementcurrentconfigdata.obj
d:\gtsam\isamapp\isamapp\x64\release\parseordernumber.obj
d:\gtsam\isamapp\isamapp\x64\release\parsestatusoverview.obj
d:\gtsam\isamapp\isamapp\x64\release\tcppacketmerger.obj
d:\gtsam\isamapp\isamapp\x64\release\lazy_grid.obj
d:\gtsam\isamapp\isamapp\x64\release\time_patch.obj
d:\gtsam\isamapp\isamapp\x64\release\math_utils.obj
d:\gtsam\isamapp\isamapp\x64\release\egsl_conversions.obj
d:\gtsam\isamapp\isamapp\x64\release\gpc.obj
d:\gtsam\isamapp\isamapp\x64\release\changecommsettingscommand.obj
d:\gtsam\isamapp\isamapp\x64\release\cola2session.obj
d:\gtsam\isamapp\isamapp\x64\release\createsession.obj
d:\gtsam\isamapp\isamapp\x64\release\fieldgeometryvariablecommand.obj
d:\gtsam\isamapp\isamapp\x64\release\firmwareversionvariablecommand.obj
d:\gtsam\isamapp\isamapp\x64\release\methodcommand.obj
d:\gtsam\isamapp\isamapp\x64\release\projectnamevariablecommand.obj
d:\gtsam\isamapp\isamapp\x64\release\typecodevariablecommand.obj
d:\gtsam\isamapp\isamapp\x64\release\asyncudpclient.obj
d:\gtsam\isamapp\isamapp\x64\release\datagramheader.obj
d:\gtsam\isamapp\isamapp\x64\release\dataheader.obj
d:\gtsam\isamapp\isamapp\x64\release\derivedvalues.obj
d:\gtsam\isamapp\isamapp\x64\release\devicename.obj
d:\gtsam\isamapp\isamapp\x64\release\firmwareversion.obj
d:\gtsam\isamapp\isamapp\x64\release\monitoringcasedata.obj
d:\gtsam\isamapp\isamapp\x64\release\projectname.obj
d:\gtsam\isamapp\isamapp\x64\release\scanpoint.obj
d:\gtsam\isamapp\isamapp\x64\release\serialnumber.obj
d:\gtsam\isamapp\isamapp\x64\release\typecode.obj
d:\gtsam\isamapp\isamapp\x64\release\parseapplicationdata.obj
d:\gtsam\isamapp\isamapp\x64\release\parsedatagramheader.obj
d:\gtsam\isamapp\isamapp\x64\release\parsedevicestatus.obj
d:\gtsam\isamapp\isamapp\x64\release\parsefirmwareversion.obj
d:\gtsam\isamapp\isamapp\x64\release\parsemeasurementdata.obj
d:\gtsam\isamapp\isamapp\x64\release\parseprojectname.obj
d:\gtsam\isamapp\isamapp\x64\release\parsetcppacket.obj
d:\gtsam\isamapp\isamapp\x64\release\udppacketmerger.obj
d:\gtsam\isamapp\isamapp\x64\release\ndt_local.obj
d:\gtsam\isamapp\x64\release\isamapp.lib
d:\gtsam\isamapp\x64\release\isamapp.exp
d:\gtsam\isamapp\x64\release\isamapp.ipdb
d:\gtsam\isamapp\x64\release\isamapp.iobj
d:\gtsam\isamapp\x64\release\isamapp.exe
d:\gtsam\isamapp\x64\release\isamapp.pdb
d:\gtsam\isamapp\isamapp\x64\release\isamapp.res
d:\gtsam\isamapp\isamapp\x64\release\isamapp.tlog\cl.command.1.tlog
d:\gtsam\isamapp\isamapp\x64\release\isamapp.tlog\cl.read.1.tlog
d:\gtsam\isamapp\isamapp\x64\release\isamapp.tlog\cl.write.1.tlog
d:\gtsam\isamapp\isamapp\x64\release\isamapp.tlog\isamapp.write.1u.tlog
d:\gtsam\isamapp\isamapp\x64\release\isamapp.tlog\link.command.1.tlog
d:\gtsam\isamapp\isamapp\x64\release\isamapp.tlog\link.read.1.tlog
d:\gtsam\isamapp\isamapp\x64\release\isamapp.tlog\link.write.1.tlog
d:\gtsam\isamapp\isamapp\x64\release\isamapp.tlog\rc.command.1.tlog
d:\gtsam\isamapp\isamapp\x64\release\isamapp.tlog\rc.read.1.tlog
d:\gtsam\isamapp\isamapp\x64\release\isamapp.tlog\rc.write.1.tlog
