d:\gtsam\isamapp\isamapp\x64\debug\isamapp.pch
d:\gtsam\isamapp\isamapp\x64\debug\vc141.pdb
d:\gtsam\isamapp\isamapp\x64\debug\vc141.idb
d:\gtsam\isamapp\isamapp\x64\debug\stdafx.obj
d:\gtsam\isamapp\isamapp\x64\debug\scrnref.obj
d:\gtsam\isamapp\isamapp\x64\debug\scp.obj
d:\gtsam\isamapp\isamapp\x64\debug\rectangle.obj
d:\gtsam\isamapp\isamapp\x64\debug\range.obj
d:\gtsam\isamapp\isamapp\x64\debug\posture.obj
d:\gtsam\isamapp\isamapp\x64\debug\polyregion.obj
d:\gtsam\isamapp\isamapp\x64\debug\pnt.obj
d:\gtsam\isamapp\isamapp\x64\debug\newcurve.obj
d:\gtsam\isamapp\isamapp\x64\debug\multisegline.obj
d:\gtsam\isamapp\isamapp\x64\debug\linebase.obj
d:\gtsam\isamapp\isamapp\x64\debug\line.obj
d:\gtsam\isamapp\isamapp\x64\debug\frame.obj
d:\gtsam\isamapp\isamapp\x64\debug\ellipse.obj
d:\gtsam\isamapp\isamapp\x64\debug\direct.obj
d:\gtsam\isamapp\isamapp\x64\debug\circle.obj
d:\gtsam\isamapp\isamapp\x64\debug\arc.obj
d:\gtsam\isamapp\isamapp\x64\debug\angle.obj
d:\gtsam\isamapp\isamapp\x64\debug\affineposture.obj
d:\gtsam\isamapp\isamapp\x64\debug\childfrm.obj
d:\gtsam\isamapp\isamapp\x64\debug\calendarbar.obj
d:\gtsam\isamapp\isamapp\x64\debug\simuscanner.obj
d:\gtsam\isamapp\isamapp\x64\debug\movingobj.obj
d:\gtsam\isamapp\isamapp\x64\debug\scanpointcloud.obj
d:\gtsam\isamapp\isamapp\x64\debug\scan.obj
d:\gtsam\isamapp\isamapp\x64\debug\romo.obj
d:\gtsam\isamapp\isamapp\x64\debug\posegauss.obj
d:\gtsam\isamapp\isamapp\x64\debug\pclpointcloud.obj
d:\gtsam\isamapp\isamapp\x64\debug\misc.obj
d:\gtsam\isamapp\isamapp\x64\debug\matrix.obj
d:\gtsam\isamapp\isamapp\x64\debug\linefeatureset.obj
d:\gtsam\isamapp\isamapp\x64\debug\linefeature.obj
d:\gtsam\isamapp\isamapp\x64\debug\mainfrm.obj
d:\gtsam\isamapp\isamapp\x64\debug\rangescanner.obj
d:\gtsam\isamapp\isamapp\x64\debug\corrlist.obj
d:\gtsam\isamapp\isamapp\x64\debug\isamappview.obj
d:\gtsam\isamapp\isamapp\x64\debug\isamappdoc.obj
d:\gtsam\isamapp\isamapp\x64\debug\isamapp.obj
d:\gtsam\isamapp\isamapp\x64\debug\transfor.obj
d:\gtsam\isamapp\isamapp\x64\debug\spp.obj
d:\gtsam\isamapp\isamapp\x64\debug\spline.obj
d:\gtsam\isamapp\isamapp\x64\debug\simuscanview.obj
d:\gtsam\isamapp\isamapp\x64\debug\ndt_map.obj
d:\gtsam\isamapp\isamapp\x64\debug\ndt_cell.obj
d:\gtsam\isamapp\isamapp\x64\debug\ndt_fuser_node.obj
d:\gtsam\isamapp\isamapp\x64\debug\historyposes.obj
d:\gtsam\isamapp\isamapp\x64\debug\fieldgeometryvariablecommand.obj
d:\gtsam\isamapp\isamapp\x64\debug\devicestatusvariablecommand.obj
d:\gtsam\isamapp\isamapp\x64\debug\devicenamevariablecommand.obj
d:\gtsam\isamapp\isamapp\x64\debug\createsession.obj
d:\gtsam\isamapp\isamapp\x64\debug\configmetadatavariablecommand.obj
d:\gtsam\isamapp\isamapp\x64\debug\command.obj
d:\gtsam\isamapp\isamapp\x64\debug\cola2session.obj
d:\gtsam\isamapp\isamapp\x64\debug\closesession.obj
d:\gtsam\isamapp\isamapp\x64\debug\changecommsettingscommand.obj
d:\gtsam\isamapp\isamapp\x64\debug\applicationnamevariablecommand.obj
d:\gtsam\isamapp\isamapp\x64\debug\gpc_utils.obj
d:\gtsam\isamapp\isamapp\x64\debug\gpc.obj
d:\gtsam\isamapp\isamapp\x64\debug\egsl_ops.obj
d:\gtsam\isamapp\isamapp\x64\debug\egsl_misc.obj
d:\gtsam\isamapp\isamapp\x64\debug\egsl_conversions.obj
d:\gtsam\isamapp\isamapp\x64\debug\egsl.obj
d:\gtsam\isamapp\isamapp\x64\debug\math_utils_gsl.obj
d:\gtsam\isamapp\isamapp\x64\debug\math_utils.obj
d:\gtsam\isamapp\isamapp\x64\debug\csmscan.obj
d:\gtsam\isamapp\isamapp\x64\debug\csmmatcher.obj
d:\gtsam\isamapp\isamapp\x64\debug\asyncudpclient.obj
d:\gtsam\isamapp\isamapp\x64\debug\asynctcpclient.obj
d:\gtsam\isamapp\isamapp\x64\debug\variablecommand.obj
d:\gtsam\isamapp\isamapp\x64\debug\usernamevariablecommand.obj
d:\gtsam\isamapp\isamapp\x64\debug\typecodevariablecommand.obj
d:\gtsam\isamapp\isamapp\x64\debug\statusoverviewvariablecommand.obj
d:\gtsam\isamapp\isamapp\x64\debug\serialnumbervariablecommand.obj
d:\gtsam\isamapp\isamapp\x64\debug\requireduseractionvariablecommand.obj
d:\gtsam\isamapp\isamapp\x64\debug\projectnamevariablecommand.obj
d:\gtsam\isamapp\isamapp\x64\debug\ordernumbervariablecommand.obj
d:\gtsam\isamapp\isamapp\x64\debug\monitoringcasevariablecommand.obj
d:\gtsam\isamapp\isamapp\x64\debug\monitoringcasetableheadervariablecommand.obj
d:\gtsam\isamapp\isamapp\x64\debug\methodcommand.obj
d:\gtsam\isamapp\isamapp\x64\debug\measurementpersistentconfigvariablecommand.obj
d:\gtsam\isamapp\isamapp\x64\debug\measurementcurrentconfigvariablecommand.obj
d:\gtsam\isamapp\isamapp\x64\debug\latesttelegramvariablecommand.obj
d:\gtsam\isamapp\isamapp\x64\debug\firmwareversionvariablecommand.obj
d:\gtsam\isamapp\isamapp\x64\debug\findmecommand.obj
d:\gtsam\isamapp\isamapp\x64\debug\fieldsetsvariablecommand.obj
d:\gtsam\isamapp\isamapp\x64\debug\fieldheadervariablecommand.obj
d:\gtsam\isamapp\isamapp\x64\debug\latesttelegram.obj
d:\gtsam\isamapp\isamapp\x64\debug\intrusiondatum.obj
d:\gtsam\isamapp\isamapp\x64\debug\intrusiondata.obj
d:\gtsam\isamapp\isamapp\x64\debug\generalsystemstate.obj
d:\gtsam\isamapp\isamapp\x64\debug\firmwareversion.obj
d:\gtsam\isamapp\isamapp\x64\debug\fieldsets.obj
d:\gtsam\isamapp\isamapp\x64\debug\fielddata.obj
d:\gtsam\isamapp\isamapp\x64\debug\devicestatus.obj
d:\gtsam\isamapp\isamapp\x64\debug\devicename.obj
d:\gtsam\isamapp\isamapp\x64\debug\derivedvalues.obj
d:\gtsam\isamapp\isamapp\x64\debug\dataheader.obj
d:\gtsam\isamapp\isamapp\x64\debug\datagramheader.obj
d:\gtsam\isamapp\isamapp\x64\debug\data.obj
d:\gtsam\isamapp\isamapp\x64\debug\configmetadata.obj
d:\gtsam\isamapp\isamapp\x64\debug\configdata.obj
d:\gtsam\isamapp\isamapp\x64\debug\commsettings.obj
d:\gtsam\isamapp\isamapp\x64\debug\applicationoutputs.obj
d:\gtsam\isamapp\isamapp\x64\debug\applicationname.obj
d:\gtsam\isamapp\isamapp\x64\debug\applicationinputs.obj
d:\gtsam\isamapp\isamapp\x64\debug\applicationdata.obj
d:\gtsam\isamapp\isamapp\x64\debug\parsedevicename.obj
d:\gtsam\isamapp\isamapp\x64\debug\parsederivedvalues.obj
d:\gtsam\isamapp\isamapp\x64\debug\parsedataheader.obj
d:\gtsam\isamapp\isamapp\x64\debug\parsedatagramheader.obj
d:\gtsam\isamapp\isamapp\x64\debug\parsedata.obj
d:\gtsam\isamapp\isamapp\x64\debug\parseconfigmetadata.obj
d:\gtsam\isamapp\isamapp\x64\debug\parseapplicationnamedata.obj
d:\gtsam\isamapp\isamapp\x64\debug\parseapplicationdata.obj
d:\gtsam\isamapp\isamapp\x64\debug\username.obj
d:\gtsam\isamapp\isamapp\x64\debug\typecode.obj
d:\gtsam\isamapp\isamapp\x64\debug\statusoverview.obj
d:\gtsam\isamapp\isamapp\x64\debug\serialnumber.obj
d:\gtsam\isamapp\isamapp\x64\debug\scanpoint.obj
d:\gtsam\isamapp\isamapp\x64\debug\requireduseraction.obj
d:\gtsam\isamapp\isamapp\x64\debug\projectname.obj
d:\gtsam\isamapp\isamapp\x64\debug\parsedpacketbuffer.obj
d:\gtsam\isamapp\isamapp\x64\debug\packetbuffer.obj
d:\gtsam\isamapp\isamapp\x64\debug\ordernumber.obj
d:\gtsam\isamapp\isamapp\x64\debug\monitoringcasedata.obj
d:\gtsam\isamapp\isamapp\x64\debug\measurementdata.obj
d:\gtsam\isamapp\isamapp\x64\debug\tcppacketmerger.obj
d:\gtsam\isamapp\isamapp\x64\debug\parseusernamedata.obj
d:\gtsam\isamapp\isamapp\x64\debug\parsetypecodedata.obj
d:\gtsam\isamapp\isamapp\x64\debug\parsetcppacket.obj
d:\gtsam\isamapp\isamapp\x64\debug\parsestatusoverview.obj
d:\gtsam\isamapp\isamapp\x64\debug\parseserialnumber.obj
d:\gtsam\isamapp\isamapp\x64\debug\parserequireduseraction.obj
d:\gtsam\isamapp\isamapp\x64\debug\parseprojectname.obj
d:\gtsam\isamapp\isamapp\x64\debug\parseordernumber.obj
d:\gtsam\isamapp\isamapp\x64\debug\parsemonitoringcasedata.obj
d:\gtsam\isamapp\isamapp\x64\debug\parsemeasurementpersistentconfigdata.obj
d:\gtsam\isamapp\isamapp\x64\debug\parsemeasurementdata.obj
d:\gtsam\isamapp\isamapp\x64\debug\parsemeasurementcurrentconfigdata.obj
d:\gtsam\isamapp\isamapp\x64\debug\parseintrusiondata.obj
d:\gtsam\isamapp\isamapp\x64\debug\parsegeneralsystemstate.obj
d:\gtsam\isamapp\isamapp\x64\debug\parsefirmwareversion.obj
d:\gtsam\isamapp\isamapp\x64\debug\parsefieldsetsdata.obj
d:\gtsam\isamapp\isamapp\x64\debug\parsefieldheaderdata.obj
d:\gtsam\isamapp\isamapp\x64\debug\parsefieldgeometrydata.obj
d:\gtsam\isamapp\isamapp\x64\debug\parsedevicestatus.obj
d:\gtsam\isamapp\isamapp\x64\debug\time_patch.obj
d:\gtsam\isamapp\isamapp\x64\debug\pointcloudmap.obj
d:\gtsam\isamapp\isamapp\x64\debug\ndt_matcher_d2d_2d.obj
d:\gtsam\isamapp\isamapp\x64\debug\ndt_local.obj
d:\gtsam\isamapp\isamapp\x64\debug\lazy_grid.obj
d:\gtsam\isamapp\isamapp\x64\debug\sicksafetylaserscanner.obj
d:\gtsam\isamapp\isamapp\x64\debug\scannerparam.obj
d:\gtsam\isamapp\isamapp\x64\debug\rawscan.obj
d:\gtsam\isamapp\isamapp\x64\debug\sicksafetyscannersbase.obj
d:\gtsam\isamapp\isamapp\x64\debug\udppacketmerger.obj
d:\gtsam\isamapp\x64\debug\isamapp.lib
d:\gtsam\isamapp\x64\debug\isamapp.exp
d:\gtsam\isamapp\x64\debug\isamapp.ilk
d:\gtsam\isamapp\x64\debug\isamapp.exe
d:\gtsam\isamapp\x64\debug\isamapp.pdb
d:\gtsam\isamapp\isamapp\x64\debug\isamapp.res
d:\gtsam\isamapp\isamapp\x64\debug\isamapp.tlog\cl.command.1.tlog
d:\gtsam\isamapp\isamapp\x64\debug\isamapp.tlog\cl.read.1.tlog
d:\gtsam\isamapp\isamapp\x64\debug\isamapp.tlog\cl.write.1.tlog
d:\gtsam\isamapp\isamapp\x64\debug\isamapp.tlog\isamapp.write.1u.tlog
d:\gtsam\isamapp\isamapp\x64\debug\isamapp.tlog\link.command.1.tlog
d:\gtsam\isamapp\isamapp\x64\debug\isamapp.tlog\link.read.1.tlog
d:\gtsam\isamapp\isamapp\x64\debug\isamapp.tlog\link.write.1.tlog
d:\gtsam\isamapp\isamapp\x64\debug\isamapp.tlog\rc.command.1.tlog
d:\gtsam\isamapp\isamapp\x64\debug\isamapp.tlog\rc.read.1.tlog
d:\gtsam\isamapp\isamapp\x64\debug\isamapp.tlog\rc.write.1.tlog
